<?xml version="1.0" encoding="UTF-8"?>
<testng-results ignored="0" total="5" passed="5" failed="0" skipped="0">
  <reporter-output>
  </reporter-output>
  <suite started-at="2022-11-22T17:17:46Z" name="Default suite" finished-at="2022-11-22T17:18:35Z" duration-ms="49594">
    <groups>
    </groups>
    <test started-at="2022-11-22T17:17:46Z" name="Default test" finished-at="2022-11-22T17:18:35Z" duration-ms="49594">
      <class name="com.training.tests.LoginTest">
        <test-method is-config="true" signature="Beforemethod()[pri:0, instance:com.training.tests.LoginTest@3c01cfa1]" started-at="2022-11-22T17:17:46Z" name="Beforemethod" finished-at="2022-11-22T17:17:51Z" duration-ms="5275" status="PASS">
          <reporter-output>
          </reporter-output>
        </test-method> <!-- Beforemethod -->
        <test-method signature="CheckRememberme3()[pri:0, instance:com.training.tests.LoginTest@3c01cfa1]" started-at="2022-11-22T17:17:51Z" name="CheckRememberme3" finished-at="2022-11-22T17:18:01Z" duration-ms="10018" status="PASS">
          <reporter-output>
          </reporter-output>
        </test-method> <!-- CheckRememberme3 -->
        <test-method is-config="true" signature="teardown()[pri:0, instance:com.training.tests.LoginTest@3c01cfa1]" started-at="2022-11-22T17:18:01Z" name="teardown" finished-at="2022-11-22T17:18:02Z" duration-ms="1508" status="PASS">
          <reporter-output>
          </reporter-output>
        </test-method> <!-- teardown -->
        <test-method is-config="true" signature="Beforemethod()[pri:0, instance:com.training.tests.LoginTest@3c01cfa1]" started-at="2022-11-22T17:18:02Z" name="Beforemethod" finished-at="2022-11-22T17:18:06Z" duration-ms="3522" status="PASS">
          <reporter-output>
          </reporter-output>
        </test-method> <!-- Beforemethod -->
        <test-method signature="ForgotPassword4A()[pri:0, instance:com.training.tests.LoginTest@3c01cfa1]" started-at="2022-11-22T17:18:06Z" name="ForgotPassword4A" finished-at="2022-11-22T17:18:09Z" duration-ms="3416" status="PASS">
          <reporter-output>
          </reporter-output>
        </test-method> <!-- ForgotPassword4A -->
        <test-method is-config="true" signature="teardown()[pri:0, instance:com.training.tests.LoginTest@3c01cfa1]" started-at="2022-11-22T17:18:09Z" name="teardown" finished-at="2022-11-22T17:18:11Z" duration-ms="1271" status="PASS">
          <reporter-output>
          </reporter-output>
        </test-method> <!-- teardown -->
        <test-method is-config="true" signature="Beforemethod()[pri:0, instance:com.training.tests.LoginTest@3c01cfa1]" started-at="2022-11-22T17:18:11Z" name="Beforemethod" finished-at="2022-11-22T17:18:14Z" duration-ms="3700" status="PASS">
          <reporter-output>
          </reporter-output>
        </test-method> <!-- Beforemethod -->
        <test-method signature="LoginErrorMsg1()[pri:0, instance:com.training.tests.LoginTest@3c01cfa1]" started-at="2022-11-22T17:18:14Z" name="LoginErrorMsg1" finished-at="2022-11-22T17:18:15Z" duration-ms="1153" status="PASS">
          <reporter-output>
          </reporter-output>
        </test-method> <!-- LoginErrorMsg1 -->
        <test-method is-config="true" signature="teardown()[pri:0, instance:com.training.tests.LoginTest@3c01cfa1]" started-at="2022-11-22T17:18:15Z" name="teardown" finished-at="2022-11-22T17:18:17Z" duration-ms="1698" status="PASS">
          <reporter-output>
          </reporter-output>
        </test-method> <!-- teardown -->
        <test-method is-config="true" signature="Beforemethod()[pri:0, instance:com.training.tests.LoginTest@3c01cfa1]" started-at="2022-11-22T17:18:17Z" name="Beforemethod" finished-at="2022-11-22T17:18:21Z" duration-ms="3596" status="PASS">
          <reporter-output>
          </reporter-output>
        </test-method> <!-- Beforemethod -->
        <test-method signature="LogintoSalesForce2()[pri:0, instance:com.training.tests.LoginTest@3c01cfa1]" started-at="2022-11-22T17:18:21Z" name="LogintoSalesForce2" finished-at="2022-11-22T17:18:24Z" duration-ms="3476" status="PASS">
          <reporter-output>
          </reporter-output>
        </test-method> <!-- LogintoSalesForce2 -->
        <test-method is-config="true" signature="teardown()[pri:0, instance:com.training.tests.LoginTest@3c01cfa1]" started-at="2022-11-22T17:18:24Z" name="teardown" finished-at="2022-11-22T17:18:28Z" duration-ms="4066" status="PASS">
          <reporter-output>
          </reporter-output>
        </test-method> <!-- teardown -->
        <test-method is-config="true" signature="Beforemethod()[pri:0, instance:com.training.tests.LoginTest@3c01cfa1]" started-at="2022-11-22T17:18:28Z" name="Beforemethod" finished-at="2022-11-22T17:18:32Z" duration-ms="3540" status="PASS">
          <reporter-output>
          </reporter-output>
        </test-method> <!-- Beforemethod -->
        <test-method signature="ValidateLoginErrorMsg()[pri:0, instance:com.training.tests.LoginTest@3c01cfa1]" started-at="2022-11-22T17:18:32Z" name="ValidateLoginErrorMsg" finished-at="2022-11-22T17:18:33Z" duration-ms="1630" status="PASS">
          <reporter-output>
          </reporter-output>
        </test-method> <!-- ValidateLoginErrorMsg -->
        <test-method is-config="true" signature="teardown()[pri:0, instance:com.training.tests.LoginTest@3c01cfa1]" started-at="2022-11-22T17:18:33Z" name="teardown" finished-at="2022-11-22T17:18:35Z" duration-ms="1648" status="PASS">
          <reporter-output>
          </reporter-output>
        </test-method> <!-- teardown -->
      </class> <!-- com.training.tests.LoginTest -->
    </test> <!-- Default test -->
  </suite> <!-- Default suite -->
</testng-results>
