<?xml version="1.0" encoding="UTF-8"?>
<!-- Generated by org.testng.reporters.JUnitXMLReporter -->
<testsuite hostname="DESKTOP-TFTIM70" ignored="0" name="login" tests="5" failures="0" timestamp="15 Nov 2022 17:07:00 GMT" time="52.451" errors="0">
  <testcase name="CheckRememberme3" time="11.573" classname="com.training.tests.LoginTest"/>
  <testcase name="ForgotPassword4A" time="3.426" classname="com.training.tests.LoginTest"/>
  <testcase name="LoginErrorMsg1" time="1.033" classname="com.training.tests.LoginTest"/>
  <testcase name="LogintoSalesForce2" time="1.834" classname="com.training.tests.LoginTest"/>
  <testcase name="ValidateLoginErrorMsg" time="1.866" classname="com.training.tests.LoginTest"/>
</testsuite> <!-- login -->
