<?xml version="1.0" encoding="UTF-8"?>
<!-- Generated by org.testng.reporters.JUnitXMLReporter -->
<testsuite ignored="0" hostname="DESKTOP-TFTIM70" failures="0" tests="5" name="Default test" time="49.594" errors="0" timestamp="22 Nov 2022 17:18:35 GMT">
  <testcase classname="com.training.tests.LoginTest" name="CheckRememberme3" time="10.018"/>
  <testcase classname="com.training.tests.LoginTest" name="ForgotPassword4A" time="3.416"/>
  <testcase classname="com.training.tests.LoginTest" name="LoginErrorMsg1" time="1.153"/>
  <testcase classname="com.training.tests.LoginTest" name="LogintoSalesForce2" time="3.476"/>
  <testcase classname="com.training.tests.LoginTest" name="ValidateLoginErrorMsg" time="1.63"/>
</testsuite> <!-- Default test -->
